# JRE version: OpenJDK Runtime Environment GraalVM CE 22.3.0 (17.0.5+8) (build 17.0.5+8-jvmci-22.3-b08)
# Java VM: OpenJDK 64-Bit Server VM GraalVM CE 22.3.0 (17.0.5+8-jvmci-22.3-b08, mixed mode, sharing, tiered, jvmci, jvmci compiler, compressed oops, compressed class ptrs, parallel gc, linux-amd64)
GC Precious Log:
 CPUs: 8 total, 1 available
 Memory: 1024M
 Large Page Support: Disabled
 NUMA Support: Disabled
 Compressed Oops: Enabled (32-bit)
 Alignments: Space 512K, Generation 512K, Heap 2M
 Heap Min Capacity: 100M
 Heap Initial Capacity: 100M
 Heap Max Capacity: 512M
 Pre-touch: Disabled
 Parallel Workers: 1
Heap:
 PSYoungGen      total 60928K, used 38400K [0x00000000f5580000, 0x00000000fad00000, 0x0000000100000000)
  eden space 38400K, 100% used [0x00000000f5580000,0x00000000f7b00000,0x00000000f7b00000)
  from space 22528K, 0% used [0x00000000f9700000,0x00000000f9700000,0x00000000fad00000)
  to   space 15360K, 0% used [0x00000000f7b00000,0x00000000f7b00000,0x00000000f8a00000)
 ParOldGen       total 349696K, used 349695K [0x00000000e0000000, 0x00000000f5580000, 0x00000000f5580000)
  object space 349696K, 99% used [0x00000000e0000000,0x00000000f557ffe8,0x00000000f5580000)
 Metaspace       used 59105K, committed 60288K, reserved 1105920K
  class space    used 5902K, committed 6336K, reserved 1048576K
GC Heap History (20 events):
Event: 306.581 GC heap before
{Heap before GC invocations=325 (full 175):
 PSYoungGen      total 60928K, used 38400K [0x00000000f5580000, 0x00000000fad00000, 0x0000000100000000)
  eden space 38400K, 100% used [0x00000000f5580000,0x00000000f7b00000,0x00000000f7b00000)
  from space 22528K, 0% used [0x00000000f9700000,0x00000000f9700000,0x00000000fad00000)
  to   space 15360K, 0% used [0x00000000f7b00000,0x00000000f7b00000,0x00000000f8a00000)
 ParOldGen       total 349696K, used 349694K [0x00000000e0000000, 0x00000000f5580000, 0x00000000f5580000)
  object space 349696K, 99% used [0x00000000e0000000,0x00000000f557faa0,0x00000000f5580000)
 Metaspace       used 59105K, committed 60288K, reserved 1105920K
  class space    used 5902K, committed 6336K, reserved 1048576K
}
Event: 307.863 GC heap after
{Heap after GC invocations=325 (full 175):
 PSYoungGen      total 53760K, used 38399K [0x00000000f5580000, 0x00000000fad00000, 0x0000000100000000)
  eden space 38400K, 99% used [0x00000000f5580000,0x00000000f7affef8,0x00000000f7b00000)
  from space 15360K, 0% used [0x00000000f7b00000,0x00000000f7b00000,0x00000000f8a00000)
  to   space 22528K, 0% used [0x00000000f9700000,0x00000000f9700000,0x00000000fad00000)
 ParOldGen       total 349696K, used 349694K [0x00000000e0000000, 0x00000000f5580000, 0x00000000f5580000)
  object space 349696K, 99% used [0x00000000e0000000,0x00000000f557fa88,0x00000000f5580000)
 Metaspace       used 59105K, committed 60288K, reserved 1105920K
  class space    used 5902K, committed 6336K, reserved 1048576K
}
Event: 307.863 GC heap before
{Heap before GC invocations=326 (full 176):
 PSYoungGen      total 53760K, used 38400K [0x00000000f5580000, 0x00000000fad00000, 0x0000000100000000)
  eden space 38400K, 100% used [0x00000000f5580000,0x00000000f7b00000,0x00000000f7b00000)
  from space 15360K, 0% used [0x00000000f7b00000,0x00000000f7b00000,0x00000000f8a00000)
  to   space 22528K, 0% used [0x00000000f9700000,0x00000000f9700000,0x00000000fad00000)
 ParOldGen       total 349696K, used 349694K [0x00000000e0000000, 0x00000000f5580000, 0x00000000f5580000)
  object space 349696K, 99% used [0x00000000e0000000,0x00000000f557fa88,0x00000000f5580000)
 Metaspace       used 59105K, committed 60288K, reserved 1105920K
  class space    used 5902K, committed 6336K, reserved 1048576K
}
Event: 309.224 GC heap after
{Heap after GC invocations=326 (full 176):
 PSYoungGen      total 60928K, used 38399K [0x00000000f5580000, 0x00000000fad00000, 0x0000000100000000)
  eden space 38400K, 99% used [0x00000000f5580000,0x00000000f7afff98,0x00000000f7b00000)
  from space 22528K, 0% used [0x00000000f9700000,0x00000000f9700000,0x00000000fad00000)
  to   space 15360K, 0% used [0x00000000f7b00000,0x00000000f7b00000,0x00000000f8a00000)
 ParOldGen       total 349696K, used 349694K [0x00000000e0000000, 0x00000000f5580000, 0x00000000f5580000)
  object space 349696K, 99% used [0x00000000e0000000,0x00000000f557fa58,0x00000000f5580000)
 Metaspace       used 59105K, committed 60288K, reserved 1105920K
  class space    used 5902K, committed 6336K, reserved 1048576K
}
Event: 309.224 GC heap before
{Heap before GC invocations=327 (full 177):
 PSYoungGen      total 60928K, used 38400K [0x00000000f5580000, 0x00000000fad00000, 0x0000000100000000)
  eden space 38400K, 100% used [0x00000000f5580000,0x00000000f7b00000,0x00000000f7b00000)
  from space 22528K, 0% used [0x00000000f9700000,0x00000000f9700000,0x00000000fad00000)
  to   space 15360K, 0% used [0x00000000f7b00000,0x00000000f7b00000,0x00000000f8a00000)
 ParOldGen       total 349696K, used 349694K [0x00000000e0000000, 0x00000000f5580000, 0x00000000f5580000)
  object space 349696K, 99% used [0x00000000e0000000,0x00000000f557fa58,0x00000000f5580000)
 Metaspace       used 59105K, committed 60288K, reserved 1105920K
  class space    used 5902K, committed 6336K, reserved 1048576K
}
Event: 310.469 GC heap after
{Heap after GC invocations=327 (full 177):
 PSYoungGen      total 53760K, used 38399K [0x00000000f5580000, 0x00000000fad00000, 0x0000000100000000)
  eden space 38400K, 99% used [0x00000000f5580000,0x00000000f7affff0,0x00000000f7b00000)
  from space 15360K, 0% used [0x00000000f7b00000,0x00000000f7b00000,0x00000000f8a00000)
  to   space 22528K, 0% used [0x00000000f9700000,0x00000000f9700000,0x00000000fad00000)
 ParOldGen       total 349696K, used 349692K [0x00000000e0000000, 0x00000000f5580000, 0x00000000f5580000)
  object space 349696K, 99% used [0x00000000e0000000,0x00000000f557f008,0x00000000f5580000)
 Metaspace       used 59105K, committed 60288K, reserved 1105920K
  class space    used 5902K, committed 6336K, reserved 1048576K
}
Event: 310.469 GC heap before
{Heap before GC invocations=328 (full 178):
 PSYoungGen      total 53760K, used 38400K [0x00000000f5580000, 0x00000000fad00000, 0x0000000100000000)
  eden space 38400K, 100% used [0x00000000f5580000,0x00000000f7b00000,0x00000000f7b00000)
  from space 15360K, 0% used [0x00000000f7b00000,0x00000000f7b00000,0x00000000f8a00000)
  to   space 22528K, 0% used [0x00000000f9700000,0x00000000f9700000,0x00000000fad00000)
 ParOldGen       total 349696K, used 349694K [0x00000000e0000000, 0x00000000f5580000, 0x00000000f5580000)
  object space 349696K, 99% used [0x00000000e0000000,0x00000000f557fa38,0x00000000f5580000)
 Metaspace       used 59105K, committed 60288K, reserved 1105920K
  class space    used 5902K, committed 6336K, reserved 1048576K
}
Event: 311.797 GC heap after
{Heap after GC invocations=328 (full 178):
 PSYoungGen      total 60928K, used 38399K [0x00000000f5580000, 0x00000000fad00000, 0x0000000100000000)
  eden space 38400K, 99% used [0x00000000f5580000,0x00000000f7afffc0,0x00000000f7b00000)
  from space 22528K, 0% used [0x00000000f9700000,0x00000000f9700000,0x00000000fad00000)
  to   space 15360K, 0% used [0x00000000f7b00000,0x00000000f7b00000,0x00000000f8a00000)
 ParOldGen       total 349696K, used 349694K [0x00000000e0000000, 0x00000000f5580000, 0x00000000f5580000)
  object space 349696K, 99% used [0x00000000e0000000,0x00000000f557f820,0x00000000f5580000)
 Metaspace       used 59105K, committed 60288K, reserved 1105920K
  class space    used 5902K, committed 6336K, reserved 1048576K
}
Event: 311.798 GC heap before
{Heap before GC invocations=329 (full 179):
 PSYoungGen      total 60928K, used 38399K [0x00000000f5580000, 0x00000000fad00000, 0x0000000100000000)
  eden space 38400K, 99% used [0x00000000f5580000,0x00000000f7affff0,0x00000000f7b00000)
  from space 22528K, 0% used [0x00000000f9700000,0x00000000f9700000,0x00000000fad00000)
  to   space 15360K, 0% used [0x00000000f7b00000,0x00000000f7b00000,0x00000000f8a00000)
 ParOldGen       total 349696K, used 349694K [0x00000000e0000000, 0x00000000f5580000, 0x00000000f5580000)
  object space 349696K, 99% used [0x00000000e0000000,0x00000000f557f820,0x00000000f5580000)
 Metaspace       used 59105K, committed 60288K, reserved 1105920K
  class space    used 5902K, committed 6336K, reserved 1048576K
}
Event: 313.063 GC heap after
{Heap after GC invocations=329 (full 179):
 PSYoungGen      total 53760K, used 38399K [0x00000000f5580000, 0x00000000fad00000, 0x0000000100000000)
  eden space 38400K, 99% used [0x00000000f5580000,0x00000000f7afffc0,0x00000000f7b00000)
  from space 15360K, 0% used [0x00000000f7b00000,0x00000000f7b00000,0x00000000f8a00000)
  to   space 22528K, 0% used [0x00000000f9700000,0x00000000f9700000,0x00000000fad00000)
 ParOldGen       total 349696K, used 349693K [0x00000000e0000000, 0x00000000f5580000, 0x00000000f5580000)
  object space 349696K, 99% used [0x00000000e0000000,0x00000000f557f7c8,0x00000000f5580000)
 Metaspace       used 59105K, committed 60288K, reserved 1105920K
  class space    used 5902K, committed 6336K, reserved 1048576K
}
Event: 313.064 GC heap before
{Heap before GC invocations=330 (full 180):
 PSYoungGen      total 53760K, used 38400K [0x00000000f5580000, 0x00000000fad00000, 0x0000000100000000)
  eden space 38400K, 100% used [0x00000000f5580000,0x00000000f7b00000,0x00000000f7b00000)
  from space 15360K, 0% used [0x00000000f7b00000,0x00000000f7b00000,0x00000000f8a00000)
  to   space 22528K, 0% used [0x00000000f9700000,0x00000000f9700000,0x00000000fad00000)
 ParOldGen       total 349696K, used 349693K [0x00000000e0000000, 0x00000000f5580000, 0x00000000f5580000)
  object space 349696K, 99% used [0x00000000e0000000,0x00000000f557f7c8,0x00000000f5580000)
 Metaspace       used 59105K, committed 60288K, reserved 1105920K
  class space    used 5902K, committed 6336K, reserved 1048576K
}
Event: 314.468 GC heap after
{Heap after GC invocations=330 (full 180):
 PSYoungGen      total 60928K, used 38400K [0x00000000f5580000, 0x00000000fad00000, 0x0000000100000000)
  eden space 38400K, 100% used [0x00000000f5580000,0x00000000f7b00000,0x00000000f7b00000)
  from space 22528K, 0% used [0x00000000f9700000,0x00000000f9700000,0x00000000fad00000)
  to   space 15360K, 0% used [0x00000000f7b00000,0x00000000f7b00000,0x00000000f8a00000)
 ParOldGen       total 349696K, used 349693K [0x00000000e0000000, 0x00000000f5580000, 0x00000000f5580000)
  object space 349696K, 99% used [0x00000000e0000000,0x00000000f557f7a8,0x00000000f5580000)
 Metaspace       used 59105K, committed 60288K, reserved 1105920K
  class space    used 5902K, committed 6336K, reserved 1048576K
}
Event: 314.469 GC heap before
{Heap before GC invocations=331 (full 181):
 PSYoungGen      total 60928K, used 38400K [0x00000000f5580000, 0x00000000fad00000, 0x0000000100000000)
  eden space 38400K, 100% used [0x00000000f5580000,0x00000000f7b00000,0x00000000f7b00000)
  from space 22528K, 0% used [0x00000000f9700000,0x00000000f9700000,0x00000000fad00000)
  to   space 15360K, 0% used [0x00000000f7b00000,0x00000000f7b00000,0x00000000f8a00000)
 ParOldGen       total 349696K, used 349695K [0x00000000e0000000, 0x00000000f5580000, 0x00000000f5580000)
  object space 349696K, 99% used [0x00000000e0000000,0x00000000f557fff0,0x00000000f5580000)
 Metaspace       used 59105K, committed 60288K, reserved 1105920K
  class space    used 5902K, committed 6336K, reserved 1048576K
}
Event: 315.724 GC heap after
{Heap after GC invocations=331 (full 181):
 PSYoungGen      total 53760K, used 38399K [0x00000000f5580000, 0x00000000fad00000, 0x0000000100000000)
  eden space 38400K, 99% used [0x00000000f5580000,0x00000000f7afff98,0x00000000f7b00000)
  from space 15360K, 0% used [0x00000000f7b00000,0x00000000f7b00000,0x00000000f8a00000)
  to   space 22528K, 0% used [0x00000000f9700000,0x00000000f9700000,0x00000000fad00000)
 ParOldGen       total 349696K, used 349695K [0x00000000e0000000, 0x00000000f5580000, 0x00000000f5580000)
  object space 349696K, 99% used [0x00000000e0000000,0x00000000f557ff00,0x00000000f5580000)
 Metaspace       used 59105K, committed 60288K, reserved 1105920K
  class space    used 5902K, committed 6336K, reserved 1048576K
}
Event: 315.724 GC heap before
{Heap before GC invocations=332 (full 182):
 PSYoungGen      total 53760K, used 38400K [0x00000000f5580000, 0x00000000fad00000, 0x0000000100000000)
  eden space 38400K, 100% used [0x00000000f5580000,0x00000000f7b00000,0x00000000f7b00000)
  from space 15360K, 0% used [0x00000000f7b00000,0x00000000f7b00000,0x00000000f8a00000)
  to   space 22528K, 0% used [0x00000000f9700000,0x00000000f9700000,0x00000000fad00000)
 ParOldGen       total 349696K, used 349695K [0x00000000e0000000, 0x00000000f5580000, 0x00000000f5580000)
  object space 349696K, 99% used [0x00000000e0000000,0x00000000f557ff00,0x00000000f5580000)
 Metaspace       used 59105K, committed 60288K, reserved 1105920K
  class space    used 5902K, committed 6336K, reserved 1048576K
}
Event: 317.362 GC heap after
{Heap after GC invocations=332 (full 182):
 PSYoungGen      total 60928K, used 38400K [0x00000000f5580000, 0x00000000fad00000, 0x0000000100000000)
  eden space 38400K, 100% used [0x00000000f5580000,0x00000000f7b00000,0x00000000f7b00000)
  from space 22528K, 0% used [0x00000000f9700000,0x00000000f9700000,0x00000000fad00000)
  to   space 15360K, 0% used [0x00000000f7b00000,0x00000000f7b00000,0x00000000f8a00000)
 ParOldGen       total 349696K, used 349695K [0x00000000e0000000, 0x00000000f5580000, 0x00000000f5580000)
  object space 349696K, 99% used [0x00000000e0000000,0x00000000f557ff00,0x00000000f5580000)
 Metaspace       used 59105K, committed 60288K, reserved 1105920K
  class space    used 5902K, committed 6336K, reserved 1048576K
}
Event: 317.368 GC heap before
{Heap before GC invocations=333 (full 183):
 PSYoungGen      total 60928K, used 38400K [0x00000000f5580000, 0x00000000fad00000, 0x0000000100000000)
  eden space 38400K, 100% used [0x00000000f5580000,0x00000000f7b00000,0x00000000f7b00000)
  from space 22528K, 0% used [0x00000000f9700000,0x00000000f9700000,0x00000000fad00000)
  to   space 15360K, 0% used [0x00000000f7b00000,0x00000000f7b00000,0x00000000f8a00000)
 ParOldGen       total 349696K, used 349695K [0x00000000e0000000, 0x00000000f5580000, 0x00000000f5580000)
  object space 349696K, 99% used [0x00000000e0000000,0x00000000f557ff68,0x00000000f5580000)
 Metaspace       used 59105K, committed 60288K, reserved 1105920K
  class space    used 5902K, committed 6336K, reserved 1048576K
}
Event: 319.094 GC heap after
{Heap after GC invocations=333 (full 183):
 PSYoungGen      total 53760K, used 38400K [0x00000000f5580000, 0x00000000fad00000, 0x0000000100000000)
  eden space 38400K, 100% used [0x00000000f5580000,0x00000000f7b00000,0x00000000f7b00000)
  from space 15360K, 0% used [0x00000000f7b00000,0x00000000f7b00000,0x00000000f8a00000)
  to   space 22528K, 0% used [0x00000000f9700000,0x00000000f9700000,0x00000000fad00000)
 ParOldGen       total 349696K, used 349695K [0x00000000e0000000, 0x00000000f5580000, 0x00000000f5580000)
  object space 349696K, 99% used [0x00000000e0000000,0x00000000f557ff18,0x00000000f5580000)
 Metaspace       used 59105K, committed 60288K, reserved 1105920K
  class space    used 5902K, committed 6336K, reserved 1048576K
}
Event: 319.094 GC heap before
{Heap before GC invocations=334 (full 184):
 PSYoungGen      total 53760K, used 38400K [0x00000000f5580000, 0x00000000fad00000, 0x0000000100000000)
  eden space 38400K, 100% used [0x00000000f5580000,0x00000000f7b00000,0x00000000f7b00000)
  from space 15360K, 0% used [0x00000000f7b00000,0x00000000f7b00000,0x00000000f8a00000)
  to   space 22528K, 0% used [0x00000000f9700000,0x00000000f9700000,0x00000000fad00000)
 ParOldGen       total 349696K, used 349695K [0x00000000e0000000, 0x00000000f5580000, 0x00000000f5580000)
  object space 349696K, 99% used [0x00000000e0000000,0x00000000f557ff18,0x00000000f5580000)
 Metaspace       used 59105K, committed 60288K, reserved 1105920K
  class space    used 5902K, committed 6336K, reserved 1048576K
}
Event: 320.582 GC heap after
{Heap after GC invocations=334 (full 184):
 PSYoungGen      total 60928K, used 38400K [0x00000000f5580000, 0x00000000fad00000, 0x0000000100000000)
  eden space 38400K, 100% used [0x00000000f5580000,0x00000000f7b00000,0x00000000f7b00000)
  from space 22528K, 0% used [0x00000000f9700000,0x00000000f9700000,0x00000000fad00000)
  to   space 15360K, 0% used [0x00000000f7b00000,0x00000000f7b00000,0x00000000f8a00000)
 ParOldGen       total 349696K, used 349695K [0x00000000e0000000, 0x00000000f5580000, 0x00000000f5580000)
  object space 349696K, 99% used [0x00000000e0000000,0x00000000f557ff18,0x00000000f5580000)
 Metaspace       used 59105K, committed 60288K, reserved 1105920K
  class space    used 5902K, committed 6336K, reserved 1048576K
}

